<?xml version="1.0" encoding="UTF-8"?>
<!-- Generated by org.testng.reporters.JUnitXMLReporter -->
<testsuite ignored="0" hostname="DESKTOP-77MDJU5" failures="0" tests="3" name="Default test" time="12.875" errors="0" timestamp="2024-03-30T01:52:49 EET">
  <testcase classname="HomePage.HomePageTestCases" name="CheckTheDefultContactNum" time="2.078"/>
  <testcase classname="HomePage.HomePageTestCases" name="CheckTheDefaultLangaugeEN" time="2.047"/>
  <testcase classname="HomePage.HomePageTestCases" name="CheckTheDefultCurrency" time="2.025"/>
</testsuite> <!-- Default test -->
