<?xml version="1.0" encoding="UTF-8"?>
<!-- Generated by org.testng.reporters.JUnitXMLReporter -->
<testsuite ignored="0" hostname="DESKTOP-77MDJU5" failures="0" tests="6" name="Default test" time="17.188" errors="0" timestamp="2024-04-07T21:25:04 EET">
  <testcase classname="HomePage.HomePageTestCases" name="CheckTheDefaultLangaugeEN" time="2.075"/>
  <testcase classname="HomePage.HomePageTestCases" name="CheckTheDefultCurrency" time="2.064"/>
  <testcase classname="HomePage.HomePageTestCases" name="CheckTheDefultContactNum" time="2.061"/>
  <testcase classname="HomePage.HomePageTestCases" name="CheckQitafLogoIsDisplayed" time="2.041"/>
  <testcase classname="HomePage.HomePageTestCases" name="CheckHotelTapIsNotSelected" time="2.06"/>
  <testcase classname="HomePage.HomePageTestCases" name="checkDepatureAndReturnDate" time="0.126"/>
</testsuite> <!-- Default test -->
