<?xml version="1.0" encoding="UTF-8"?>
<testng-results ignored="0" total="3" passed="3" failed="0" skipped="0">
  <reporter-output>
  </reporter-output>
  <suite started-at="2024-03-30T01:52:36 EET" name="Default suite" finished-at="2024-03-30T01:52:49 EET" duration-ms="12875">
    <groups>
    </groups>
    <test started-at="2024-03-30T01:52:36 EET" name="Default test" finished-at="2024-03-30T01:52:49 EET" duration-ms="12875">
      <class name="HomePage.HomePageTestCases">
        <test-method is-config="true" signature="beforetest()[pri:0, instance:HomePage.HomePageTestCases@1d470d0]" started-at="2024-03-30T01:52:36 EET" name="beforetest" finished-at="2024-03-30T01:52:42 EET" duration-ms="6683" status="PASS">
          <reporter-output>
          </reporter-output>
        </test-method> <!-- beforetest -->
        <test-method signature="CheckTheDefultContactNum()[pri:0, instance:HomePage.HomePageTestCases@1d470d0]" started-at="2024-03-30T01:52:42 EET" name="CheckTheDefultContactNum" finished-at="2024-03-30T01:52:45 EET" duration-ms="2078" status="PASS">
          <reporter-output>
          </reporter-output>
        </test-method> <!-- CheckTheDefultContactNum -->
        <test-method signature="CheckTheDefaultLangaugeEN()[pri:1, instance:HomePage.HomePageTestCases@1d470d0]" started-at="2024-03-30T01:52:45 EET" name="CheckTheDefaultLangaugeEN" description=" the 1st test for check the default language is english " finished-at="2024-03-30T01:52:47 EET" duration-ms="2047" status="PASS">
          <reporter-output>
          </reporter-output>
        </test-method> <!-- CheckTheDefaultLangaugeEN -->
        <test-method signature="CheckTheDefultCurrency()[pri:2, instance:HomePage.HomePageTestCases@1d470d0]" started-at="2024-03-30T01:52:47 EET" name="CheckTheDefultCurrency" description=" the 2st test for check the default currency is SAR " finished-at="2024-03-30T01:52:49 EET" duration-ms="2025" status="PASS">
          <reporter-output>
          </reporter-output>
        </test-method> <!-- CheckTheDefultCurrency -->
      </class> <!-- HomePage.HomePageTestCases -->
    </test> <!-- Default test -->
  </suite> <!-- Default suite -->
</testng-results>
