<?xml version="1.0" encoding="UTF-8"?>
<testng-results ignored="0" total="6" passed="6" failed="0" skipped="0">
  <reporter-output>
  </reporter-output>
  <suite started-at="2024-04-07T21:24:47 EET" name="Default suite" finished-at="2024-04-07T21:25:04 EET" duration-ms="17188">
    <groups>
    </groups>
    <test started-at="2024-04-07T21:24:47 EET" name="Default test" finished-at="2024-04-07T21:25:04 EET" duration-ms="17188">
      <class name="HomePage.HomePageTestCases">
        <test-method is-config="true" signature="beforetest()[pri:0, instance:HomePage.HomePageTestCases@51972dc7]" started-at="2024-04-07T21:24:47 EET" name="beforetest" finished-at="2024-04-07T21:24:53 EET" duration-ms="6711" status="PASS">
          <reporter-output>
          </reporter-output>
        </test-method> <!-- beforetest -->
        <test-method signature="CheckTheDefaultLangaugeEN()[pri:1, instance:HomePage.HomePageTestCases@51972dc7]" started-at="2024-04-07T21:24:53 EET" name="CheckTheDefaultLangaugeEN" description=" the 1st test for check the default language is english " finished-at="2024-04-07T21:24:55 EET" duration-ms="2075" status="PASS">
          <reporter-output>
          </reporter-output>
        </test-method> <!-- CheckTheDefaultLangaugeEN -->
        <test-method signature="CheckTheDefultCurrency()[pri:2, instance:HomePage.HomePageTestCases@51972dc7]" started-at="2024-04-07T21:24:55 EET" name="CheckTheDefultCurrency" description=" the 2st test for check the default currency is SAR " finished-at="2024-04-07T21:24:57 EET" duration-ms="2064" status="PASS">
          <reporter-output>
          </reporter-output>
        </test-method> <!-- CheckTheDefultCurrency -->
        <test-method signature="CheckTheDefultContactNum()[pri:3, instance:HomePage.HomePageTestCases@51972dc7]" started-at="2024-04-07T21:24:57 EET" name="CheckTheDefultContactNum" description=" the 3st test for check the default phone number is +966554400000 " finished-at="2024-04-07T21:24:59 EET" duration-ms="2061" status="PASS">
          <reporter-output>
          </reporter-output>
        </test-method> <!-- CheckTheDefultContactNum -->
        <test-method signature="CheckQitafLogoIsDisplayed()[pri:4, instance:HomePage.HomePageTestCases@51972dc7]" started-at="2024-04-07T21:24:59 EET" name="CheckQitafLogoIsDisplayed" description=" the 4st test for check the qitaf logo is displayed" finished-at="2024-04-07T21:25:02 EET" duration-ms="2041" status="PASS">
          <reporter-output>
          </reporter-output>
        </test-method> <!-- CheckQitafLogoIsDisplayed -->
        <test-method signature="CheckHotelTapIsNotSelected()[pri:5, instance:HomePage.HomePageTestCases@51972dc7]" started-at="2024-04-07T21:25:02 EET" name="CheckHotelTapIsNotSelected" description=" the 5st test for check the hotel tap is not selected" finished-at="2024-04-07T21:25:04 EET" duration-ms="2060" status="PASS">
          <reporter-output>
          </reporter-output>
        </test-method> <!-- CheckHotelTapIsNotSelected -->
        <test-method signature="checkDepatureAndReturnDate()[pri:6, instance:HomePage.HomePageTestCases@51972dc7]" started-at="2024-04-07T21:25:04 EET" name="checkDepatureAndReturnDate" description=" the 6st test for check the Flight Departure and Flight Return" finished-at="2024-04-07T21:25:04 EET" duration-ms="126" status="PASS">
          <reporter-output>
          </reporter-output>
        </test-method> <!-- checkDepatureAndReturnDate -->
      </class> <!-- HomePage.HomePageTestCases -->
    </test> <!-- Default test -->
  </suite> <!-- Default suite -->
</testng-results>
